[2024-02-06 11:22:02,412] multiqc                                            [DEBUG  ]  This is MultiQC v1.17
[2024-02-06 11:22:02,413] multiqc                                            [DEBUG  ]  Command used: /Users/nicholasbrown/miniconda/envs/rnaseq/bin/multiqc -d .
[2024-02-06 11:22:02,835] multiqc                                            [DEBUG  ]  Could not connect to multiqc.info for version check: module 'packaging.version' has no attribute 'StrictVersion'
[2024-02-06 11:22:02,835] multiqc                                            [DEBUG  ]  Working dir : /Users/nicholasbrown/Desktop/course_dataset/raw_data
[2024-02-06 11:22:02,835] multiqc                                            [DEBUG  ]  Template    : default
[2024-02-06 11:22:02,835] multiqc                                            [DEBUG  ]  Running Python 3.8.18 (default, Sep 11 2023, 08:17:33)  [Clang 14.0.6 ]
[2024-02-06 11:22:02,835] multiqc                                            [INFO   ]  Prepending directory to sample names
[2024-02-06 11:22:02,836] multiqc                                            [DEBUG  ]  Analysing modules: custom_content, ccs, ngsderive, purple, conpair, lima, peddy, somalier, methylQA, mosdepth, phantompeakqualtools, qualimap, preseq, hifiasm, quast, qorts, rna_seqc, rockhopper, rsem, rseqc, busco, bustools, goleft_indexcov, gffcompare, disambiguate, supernova, deeptools, sargasso, verifybamid, mirtrace, happy, mirtop, sambamba, gopeaks, homer, hops, macs2, theta2, snpeff, gatk, htseq, bcftools, featureCounts, fgbio, dragen, dragen_fastqc, dedup, pbmarkdup, damageprofiler, mapdamage, biobambam2, jcvi, mtnucratio, picard, vep, sentieon, bakta, prokka, qc3C, nanostat, samblaster, samtools, sexdeterrmine, eigenstratdatabasetools, bamtools, jellyfish, vcftools, longranger, stacks, varscan2, snippy, umitools, truvari, bbmap, bismark, biscuit, diamond, hicexplorer, hicup, hicpro, salmon, kallisto, slamdunk, star, hisat2, tophat, bowtie2, bowtie1, cellranger, snpsplit, odgi, pangolin, nextclade, freyja, humid, kat, leehom, librarian, adapterRemoval, bbduk, clipandmerge, cutadapt, flexbar, sourmash, kaiju, bracken, kraken, malt, motus, trimmomatic, sickle, skewer, sortmerna, biobloomtools, fastq_screen, afterqc, fastp, fastqc, filtlong, prinseqplusplus, pychopper, porechop, pycoqc, minionqc, anglerfish, multivcfanalyzer, clusterflow, checkqc, bcl2fastq, bclconvert, interop, ivar, flash, seqyclean, optitype, whatshap
[2024-02-06 11:22:02,837] multiqc                                            [DEBUG  ]  Using temporary directory for creating report: /var/folders/q7/n0lztcmn6vx_r1snx_8z9ms80000gn/T/tmps1l7cz6a
[2024-02-06 11:22:02,839] multiqc                                            [INFO   ]  Search path : /Users/nicholasbrown/Desktop/course_dataset/raw_data
[2024-02-06 11:22:03,078] multiqc                                            [DEBUG  ]  Summary of files that were skipped by the search: [skipped_file_contents_search_errors: 870] // [skipped_module_specific_max_filesize: 293] // [skipped_no_match: 46] // [skipped_ignore_pattern: 13] // [skipped_filesize_limit: 1]
[2024-02-06 11:22:04,258] multiqc.plots.bargraph                             [DEBUG  ]  Using matplotlib version 3.7.2
[2024-02-06 11:22:04,261] multiqc.plots.linegraph                            [DEBUG  ]  Using matplotlib version 3.7.2
[2024-02-06 11:22:04,262] multiqc                                            [DEBUG  ]  No samples found: custom_content
[2024-02-06 11:22:04,271] multiqc.modules.kallisto.kallisto                  [INFO   ]  Found 10 reports
[2024-02-06 11:22:04,272] multiqc.utils.software_versions                    [DEBUG  ]  Reading software versions from config.software_versions
[2024-02-06 11:22:04,277] multiqc                                            [DEBUG  ]  Compressing plot data
[2024-02-06 11:22:04,280] multiqc                                            [INFO   ]  Report      : multiqc_report.html
[2024-02-06 11:22:04,280] multiqc                                            [INFO   ]  Data        : multiqc_data
[2024-02-06 11:22:04,280] multiqc                                            [DEBUG  ]  Moving data file from '/var/folders/q7/n0lztcmn6vx_r1snx_8z9ms80000gn/T/tmps1l7cz6a/multiqc_data' to '/Users/nicholasbrown/Desktop/course_dataset/raw_data/multiqc_data'
[2024-02-06 11:22:04,283] multiqc                                            [DEBUG  ]  Full report path: /Users/nicholasbrown/Desktop/course_dataset/raw_data/multiqc_report.html
[2024-02-06 11:22:04,408] multiqc                                            [INFO   ]  MultiQC complete
